<?xml version="1.0" encoding="UTF-8"?>
<!-- Generated by org.testng.reporters.JUnitReportReporter -->
<testsuite hostname="ShreeGanesh" failures="0" tests="4" name="testPackage.TestClass" time="11.644" errors="2" timestamp="2023-04-02T08:35:57 IST" skipped="0">
  <testcase classname="testPackage.TestClass" name="test1" time="5.291"/>
  <system-out/>
  <testcase classname="testPackage.TestClass" name="test1" time="5.950"/>
  <system-out/>
  <testcase classname="testPackage.TestClass" name="VerifyAdminTab" time="0.328">
    <error message="Cannot invoke &quot;pompackage1.Dashboard_OrangeHRM.VerifyAdminTab()&quot; because &quot;this.admin&quot; is null" type="java.lang.NullPointerException">
      <![CDATA[java.lang.NullPointerException: Cannot invoke "pompackage1.Dashboard_OrangeHRM.VerifyAdminTab()" because "this.admin" is null
at testPackage.TestClass.VerifyAdminTab(TestClass.java:83)
at java.base/jdk.internal.reflect.DirectMethodHandleAccessor.invoke(DirectMethodHandleAccessor.java:104)
at java.base/java.lang.reflect.Method.invoke(Method.java:578)
at org.testng.internal.invokers.MethodInvocationHelper.invokeMethod(MethodInvocationHelper.java:139)
at org.testng.internal.invokers.InvokeMethodRunnable.runOne(InvokeMethodRunnable.java:47)
at org.testng.internal.invokers.InvokeMethodRunnable.call(InvokeMethodRunnable.java:76)
at org.testng.internal.invokers.InvokeMethodRunnable.call(InvokeMethodRunnable.java:11)
at java.base/java.util.concurrent.FutureTask.run(FutureTask.java:317)
at java.base/java.util.concurrent.ThreadPoolExecutor.runWorker(ThreadPoolExecutor.java:1144)
at java.base/java.util.concurrent.ThreadPoolExecutor$Worker.run(ThreadPoolExecutor.java:642)
at java.base/java.lang.Thread.run(Thread.java:1589)
]]>
    </error>
  </testcase> <!-- VerifyAdminTab -->
  <system-out/>
  <testcase classname="testPackage.TestClass" name="VerifyAdminTab" time="0.075">
    <error message="Cannot invoke &quot;pompackage1.Dashboard_OrangeHRM.VerifyAdminTab()&quot; because &quot;this.admin&quot; is null" type="java.lang.NullPointerException">
      <![CDATA[java.lang.NullPointerException: Cannot invoke "pompackage1.Dashboard_OrangeHRM.VerifyAdminTab()" because "this.admin" is null
at testPackage.TestClass.VerifyAdminTab(TestClass.java:83)
at java.base/jdk.internal.reflect.DirectMethodHandleAccessor.invoke(DirectMethodHandleAccessor.java:104)
at java.base/java.lang.reflect.Method.invoke(Method.java:578)
at org.testng.internal.invokers.MethodInvocationHelper.invokeMethod(MethodInvocationHelper.java:139)
at org.testng.internal.invokers.InvokeMethodRunnable.runOne(InvokeMethodRunnable.java:47)
at org.testng.internal.invokers.InvokeMethodRunnable.call(InvokeMethodRunnable.java:76)
at org.testng.internal.invokers.InvokeMethodRunnable.call(InvokeMethodRunnable.java:11)
at java.base/java.util.concurrent.FutureTask.run(FutureTask.java:317)
at java.base/java.util.concurrent.ThreadPoolExecutor.runWorker(ThreadPoolExecutor.java:1144)
at java.base/java.util.concurrent.ThreadPoolExecutor$Worker.run(ThreadPoolExecutor.java:642)
at java.base/java.lang.Thread.run(Thread.java:1589)
]]>
    </error>
  </testcase> <!-- VerifyAdminTab -->
  <system-out/>
</testsuite> <!-- testPackage.TestClass -->
