<?xml version="1.0" encoding="UTF-8"?>
<!-- Generated by org.testng.reporters.JUnitReportReporter -->
<testsuite hostname="ShreeGanesh" failures="0" tests="2" name="testPackage.LoginTestClass" time="0.017" errors="0" timestamp="2023-03-04T16:58:16 IST" skipped="0">
  <testcase classname="testPackage.LoginTestClass" name="test2" time="0.004"/>
  <system-out/>
  <testcase classname="testPackage.LoginTestClass" name="test1" time="0.013"/>
  <system-out/>
</testsuite> <!-- testPackage.LoginTestClass -->
